0 info it worked if it ends with ok
1 verbose cli [ '/usr/bin/nodejs', '/usr/bin/npm', 'install', 'ctx' ]
2 info using npm@1.3.10
3 info using node@v0.10.25
4 verbose readDependencies using package.json deps
5 verbose cache add [ 'ctx', null ]
6 verbose cache add name=undefined spec="ctx" args=["ctx",null]
7 verbose parsed url { protocol: null,
7 verbose parsed url   slashes: null,
7 verbose parsed url   auth: null,
7 verbose parsed url   host: null,
7 verbose parsed url   port: null,
7 verbose parsed url   hostname: null,
7 verbose parsed url   hash: null,
7 verbose parsed url   search: null,
7 verbose parsed url   query: null,
7 verbose parsed url   pathname: 'ctx',
7 verbose parsed url   path: 'ctx',
7 verbose parsed url   href: 'ctx' }
8 silly lockFile 4024700f-ctx ctx
9 verbose lock ctx /home/steven/.npm/4024700f-ctx.lock
10 silly lockFile 4024700f-ctx ctx
11 silly lockFile 4024700f-ctx ctx
12 verbose addNamed [ 'ctx', '' ]
13 verbose addNamed [ null, '*' ]
14 silly lockFile 27a08ba0-ctx ctx@
15 verbose lock ctx@ /home/steven/.npm/27a08ba0-ctx.lock
16 silly addNameRange { name: 'ctx', range: '*', hasData: false }
17 verbose url raw ctx
18 verbose url resolving [ 'https://registry.npmjs.org/', './ctx' ]
19 verbose url resolved https://registry.npmjs.org/ctx
20 info trying registry request attempt 1 at 16:24:32
21 http GET https://registry.npmjs.org/ctx
22 http 200 https://registry.npmjs.org/ctx
23 silly registry.get cb [ 200,
23 silly registry.get   { server: 'CouchDB/1.5.0 (Erlang OTP/R16B03)',
23 silly registry.get     etag: '"5LIBTPS8QQQ8VPZ3WBU33X1OB"',
23 silly registry.get     'content-type': 'application/json',
23 silly registry.get     'cache-control': 'max-age=60',
23 silly registry.get     'content-length': '4798',
23 silly registry.get     'accept-ranges': 'bytes',
23 silly registry.get     date: 'Mon, 07 Sep 2015 23:24:38 GMT',
23 silly registry.get     via: '1.1 varnish',
23 silly registry.get     age: '0',
23 silly registry.get     connection: 'keep-alive',
23 silly registry.get     'x-served-by': 'cache-sjc3121-SJC',
23 silly registry.get     'x-cache': 'MISS',
23 silly registry.get     'x-cache-hits': '0',
23 silly registry.get     'x-timer': 'S1441668277.937388,VS0,VE343',
23 silly registry.get     vary: 'Accept' } ]
24 silly addNameRange number 2 { name: 'ctx', range: '*', hasData: true }
25 silly addNameRange versions [ 'ctx', [ '0.1.0', '0.2.0', '0.3.0' ] ]
26 verbose addNamed [ 'ctx', '0.3.0' ]
27 verbose addNamed [ '0.3.0', '0.3.0' ]
28 silly lockFile 7251f3f5-ctx-0-3-0 ctx@0.3.0
29 verbose lock ctx@0.3.0 /home/steven/.npm/7251f3f5-ctx-0-3-0.lock
30 silly lockFile c189810f-stry-npmjs-org-ctx-ctx-0-3-0-tgz https://registry.npmjs.org/ctx/-/ctx-0.3.0.tgz
31 verbose lock https://registry.npmjs.org/ctx/-/ctx-0.3.0.tgz /home/steven/.npm/c189810f-stry-npmjs-org-ctx-ctx-0-3-0-tgz.lock
32 verbose addRemoteTarball [ 'https://registry.npmjs.org/ctx/-/ctx-0.3.0.tgz',
32 verbose addRemoteTarball   'cf0d22e1286963c4655465ad97c138db49657a2f' ]
33 silly lockFile c189810f-stry-npmjs-org-ctx-ctx-0-3-0-tgz https://registry.npmjs.org/ctx/-/ctx-0.3.0.tgz
34 silly lockFile c189810f-stry-npmjs-org-ctx-ctx-0-3-0-tgz https://registry.npmjs.org/ctx/-/ctx-0.3.0.tgz
35 silly lockFile 7251f3f5-ctx-0-3-0 ctx@0.3.0
36 silly lockFile 7251f3f5-ctx-0-3-0 ctx@0.3.0
37 silly lockFile 27a08ba0-ctx ctx@
38 silly lockFile 27a08ba0-ctx ctx@
39 error Error: EACCES, mkdir '/home/steven/tmp/npm-5541-zPgV_Lwf'
39 error  { [Error: EACCES, mkdir '/home/steven/tmp/npm-5541-zPgV_Lwf']
39 error   errno: 3,
39 error   code: 'EACCES',
39 error   path: '/home/steven/tmp/npm-5541-zPgV_Lwf' }
40 error Please try running this command again as root/Administrator.
41 error System Linux 3.16.0-38-generic
42 error command "/usr/bin/nodejs" "/usr/bin/npm" "install" "ctx"
43 error cwd /home/steven/Programming/Git_Repo/expressapp
44 error node -v v0.10.25
45 error npm -v 1.3.10
46 error path /home/steven/tmp/npm-5541-zPgV_Lwf
47 error code EACCES
48 error errno 3
49 error stack Error: EACCES, mkdir '/home/steven/tmp/npm-5541-zPgV_Lwf'
50 verbose exit [ 3, true ]
